<?xml version="1.0" encoding="UTF-8"?>
<!-- Generated by org.testng.reporters.JUnitXMLReporter -->
<testsuite hostname="sbv6-Vostro-3268" ignored="0" name="Free CRM App Test Cases" tests="12" failures="0" timestamp="03 Sep 2018 09:01:56 GMT" time="265.847" errors="0">
  <testcase name="loginPageTitleTest" time="0.042" classname="com.crm.qa.testcases.LoginPageTest"/>
  <testcase name="verifyHomePageTitleTest" time="2.022" classname="com.crm.qa.testcases.HomePageTest"/>
  <testcase name="verifyContactPagelabel" time="1.45" classname="com.crm.qa.testcases.ContactsPageTest"/>
  <testcase name="crmLogoImageTest" time="0.067" classname="com.crm.qa.testcases.LoginPageTest"/>
  <testcase name="verifyUsernameTest" time="0.103" classname="com.crm.qa.testcases.HomePageTest"/>
  <testcase name="selectContactTest" time="4.089" classname="com.crm.qa.testcases.ContactsPageTest"/>
  <testcase name="loginTest" time="10.903" classname="com.crm.qa.testcases.LoginPageTest"/>
  <testcase name="verifyContactsLinkTest" time="0.168" classname="com.crm.qa.testcases.HomePageTest"/>
  <testcase name="selectMultipleContactTest" time="5.208" classname="com.crm.qa.testcases.ContactsPageTest"/>
  <testcase name="validateCreateNewContactTest" time="4.753" classname="com.crm.qa.testcases.ContactsPageTest"/>
  <testcase name="validateCreateNewContactTest" time="4.623" classname="com.crm.qa.testcases.ContactsPageTest"/>
  <testcase name="validateCreateNewContactTest" time="4.734" classname="com.crm.qa.testcases.ContactsPageTest"/>
</testsuite> <!-- Free CRM App Test Cases -->
